1 unifiedDLSource1V1 0.531000137329
1 unifiedDLSource1V2 0.553999900818
1 unifiedDLSource1V3 0.713000059128
1 unifiedDLSource1V4 1.09699988365
1 unifiedDLSource1V5 1.45900011063
1 unifiedDLSource1V6 1.62299990654
1 unifiedDLSource1V7 2.20800018311
1 unifiedDLSource1V8 2.53199982643
1 unifiedDLSource1V9 2.90700006485
1 unifiedDLSource1V10 3.03800010681
1 unifiedDLSource1V11 3.3259999752
1 unifiedDLSource1V12 3.53499984741
1 unifiedDLSource1V13 3.95700001717
1 unifiedDLSource1V14 4.34800004959
1 unifiedDLSource1V15 4.67199993134
1 unifiedDLSource1V16 4.88400006294
1 unifiedDLSource1V17 5.132999897
1 unifiedDLSource1V18 6.00400018692
1 unifiedDLSource1V19 6.2389998436
2 unifiedDLSource1V1 0.188000202179
2 unifiedDLSource1V2 0.476999998093
2 unifiedDLSource1V3 0.774999856949
2 unifiedDLSource1V4 1.11100006104
2 unifiedDLSource1V5 1.77699995041
2 unifiedDLSource1V6 1.71200013161
2 unifiedDLSource1V7 2.17499995232
2 unifiedDLSource1V8 2.54499983788
2 unifiedDLSource1V9 2.73200011253
2 unifiedDLSource1V10 3.22699999809
2 unifiedDLSource1V11 3.30200004578
2 unifiedDLSource1V12 3.8789999485
2 unifiedDLSource1V13 4.19600009918
2 unifiedDLSource1V14 4.4319999218
2 unifiedDLSource1V15 4.7009999752
2 unifiedDLSource1V16 4.90799999237
2 unifiedDLSource1V17 5.40100002289
2 unifiedDLSource1V18 5.54800009727
2 unifiedDLSource1V19 6.00099992752
3 unifiedDLSource1V1 0.164000034332
3 unifiedDLSource1V2 0.5609998703
3 unifiedDLSource1V3 0.808000087738
3 unifiedDLSource1V4 1.24799990654
3 unifiedDLSource1V5 1.54800009727
3 unifiedDLSource1V6 1.90700006485
3 unifiedDLSource1V7 2.27999997139
3 unifiedDLSource1V8 2.62699985504
3 unifiedDLSource1V9 2.82500004768
3 unifiedDLSource1V10 3.22099995613
3 unifiedDLSource1V11 3.34599995613
3 unifiedDLSource1V12 3.73400020599
3 unifiedDLSource1V13 4.14299988747
3 unifiedDLSource1V14 6.6740000248
3 unifiedDLSource1V15 5.31500005722
3 unifiedDLSource1V16 7.38100004196
3 unifiedDLSource1V17 5.46399998665
3 unifiedDLSource1V18 5.45499992371
3 unifiedDLSource1V19 5.66799998283
4 unifiedDLSource1V1 0.246000051498
4 unifiedDLSource1V2 0.576999902725
4 unifiedDLSource1V3 0.712000131607
4 unifiedDLSource1V4 1.09099984169
4 unifiedDLSource1V5 1.5
4 unifiedDLSource1V6 1.79200005531
4 unifiedDLSource1V7 2.20700001717
4 unifiedDLSource1V8 2.57100009918
4 unifiedDLSource1V9 2.75999999046
4 unifiedDLSource1V10 3.03699994087
4 unifiedDLSource1V11 3.51099991798
4 unifiedDLSource1V12 3.55200004578
4 unifiedDLSource1V13 4.34200000763
4 unifiedDLSource1V14 4.50300002098
4 unifiedDLSource1V15 4.73900008202
4 unifiedDLSource1V16 4.88999986649
4 unifiedDLSource1V17 5.24399995804
4 unifiedDLSource1V18 8.05500006676
5 unifiedDLSource1V1 0.55999994278
5 unifiedDLSource1V2 0.453000068665
5 unifiedDLSource1V3 0.736999988556
5 unifiedDLSource1V4 1.17499995232
5 unifiedDLSource1V5 1.5720000267
5 unifiedDLSource1V6 1.93200016022
5 unifiedDLSource1V7 4.32199978828
5 unifiedDLSource1V8 2.82700014114
5 unifiedDLSource1V9 2.85500001907
5 unifiedDLSource1V10 3.23300004005
5 unifiedDLSource1V11 3.507999897
5 unifiedDLSource1V12 3.86299991608
5 unifiedDLSource1V13 3.89900016785
5 unifiedDLSource1V14 4.55099987984
5 unifiedDLSource1V15 4.89100003242
5 unifiedDLSource1V16 4.97799992561
5 unifiedDLSource1V17 5.59700012207
5 unifiedDLSource1V18 5.82999992371
5 unifiedDLSource1V19 6.10500001907
6 unifiedDLSource1V1 0.181999921799
6 unifiedDLSource1V2 0.755000114441
6 unifiedDLSource1V3 0.769000053406
6 unifiedDLSource1V4 1.12299990654
6 unifiedDLSource1V5 1.54100012779
6 unifiedDLSource1V6 1.79399991035
6 unifiedDLSource1V7 2.07500004768
6 unifiedDLSource1V8 2.65199995041
6 unifiedDLSource1V9 2.87199997902
6 unifiedDLSource1V10 3.20900011063
6 unifiedDLSource1V11 3.30199980736
6 unifiedDLSource1V12 3.53200006485
6 unifiedDLSource1V13 3.77300000191
6 unifiedDLSource1V14 4.17700004578
6 unifiedDLSource1V15 4.6740000248
6 unifiedDLSource1V16 4.77399992943
6 unifiedDLSource1V17 5.30599999428
6 unifiedDLSource1V18 5.35700011253
6 unifiedDLSource1V19 5.86400008202
7 unifiedDLSource1V1 2.45799994469
7 unifiedDLSource1V2 0.641999959946
7 unifiedDLSource1V3 0.776999950409
7 unifiedDLSource1V4 1.1890001297
7 unifiedDLSource1V5 1.52300000191
7 unifiedDLSource1V6 1.69400000572
7 unifiedDLSource1V7 2.17100000381
7 unifiedDLSource1V8 2.78299999237
7 unifiedDLSource1V9 2.87199997902
7 unifiedDLSource1V10 3.06900000572
7 unifiedDLSource1V11 3.62199997902
7 unifiedDLSource1V12 3.67000007629
7 unifiedDLSource1V13 3.84899997711
7 unifiedDLSource1V14 4.75600004196
7 unifiedDLSource1V15 4.78099989891
7 unifiedDLSource1V16 4.77999997139
7 unifiedDLSource1V17 5.25699996948
7 unifiedDLSource1V18 5.55400013924
7 unifiedDLSource1V19 5.61500000954
8 unifiedDLSource1V1 0.381000041962
8 unifiedDLSource1V2 0.544999837875
8 unifiedDLSource1V3 0.732000112534
8 unifiedDLSource1V4 1.03199982643
8 unifiedDLSource1V5 1.57400012016
8 unifiedDLSource1V6 1.63199996948
8 unifiedDLSource1V7 2.09800004959
8 unifiedDLSource1V8 2.66100001335
8 unifiedDLSource1V9 2.70300006866
8 unifiedDLSource1V10 3.96299982071
8 unifiedDLSource1V11 3.40499997139
8 unifiedDLSource1V12 3.68700003624
8 unifiedDLSource1V13 4.14700007439
8 unifiedDLSource1V14 4.15000009537
8 unifiedDLSource1V15 4.57699990273
8 unifiedDLSource1V16 4.83500003815
8 unifiedDLSource1V17 5.11500000954
8 unifiedDLSource1V18 5.6369998455
9 unifiedDLSource1V1 0.952000141144
9 unifiedDLSource1V2 1.29799985886
9 unifiedDLSource1V3 0.891000032425
9 unifiedDLSource1V4 1.125
9 unifiedDLSource1V5 1.49499988556
9 unifiedDLSource1V6 1.77300000191
9 unifiedDLSource1V7 2.07000017166
9 unifiedDLSource1V8 2.52099990845
9 unifiedDLSource1V9 2.78600001335
9 unifiedDLSource1V10 3.15000009537
9 unifiedDLSource1V11 3.68400001526
9 unifiedDLSource1V12 3.63099980354
9 unifiedDLSource1V13 4.02600002289
9 unifiedDLSource1V14 4.58200001717
9 unifiedDLSource1V15 4.55700016022
9 unifiedDLSource1V16 5.16899991035
9 unifiedDLSource1V17 5.29999995232
9 unifiedDLSource1V18 5.59800004959
9 unifiedDLSource1V19 5.82299995422
10 unifiedDLSource1V1 0.167999982834
10 unifiedDLSource1V2 0.480000019073
10 unifiedDLSource1V3 0.817000150681
10 unifiedDLSource1V4 1.09799981117
10 unifiedDLSource1V5 1.55200004578
10 unifiedDLSource1V6 1.68300008774
10 unifiedDLSource1V7 2.32699990273
10 unifiedDLSource1V8 2.5
10 unifiedDLSource1V9 2.79500007629
10 unifiedDLSource1V10 3.08500003815
10 unifiedDLSource1V11 3.28900003433
10 unifiedDLSource1V12 3.53399991989
10 unifiedDLSource1V13 3.88199996948
10 unifiedDLSource1V14 4.5529999733
10 unifiedDLSource1V15 4.8180000782
10 unifiedDLSource1V16 5.17299985886
10 unifiedDLSource1V17 5.52800011635
10 unifiedDLSource1V18 5.33699989319
10 unifiedDLSource1V19 5.91600012779
11 unifiedDLSource1V1 0.24799990654
11 unifiedDLSource1V2 0.640000104904
11 unifiedDLSource1V3 0.776999950409
11 unifiedDLSource1V4 1.21499991417
11 unifiedDLSource1V5 1.40400004387
11 unifiedDLSource1V6 1.6930000782
11 unifiedDLSource1V7 2.12299990654
11 unifiedDLSource1V8 2.47600007057
11 unifiedDLSource1V9 2.76200008392
11 unifiedDLSource1V10 3.08399987221
11 unifiedDLSource1V11 3.29800009727
11 unifiedDLSource1V12 3.75
11 unifiedDLSource1V13 3.84399986267
11 unifiedDLSource1V14 4.53600001335
11 unifiedDLSource1V15 4.52900004387
11 unifiedDLSource1V16 4.98399996758
11 unifiedDLSource1V17 5.15300011635
11 unifiedDLSource1V18 5.82999992371
11 unifiedDLSource1V19 6.02600002289
12 unifiedDLSource1V1 0.213999986649
12 unifiedDLSource1V2 0.496999979019
12 unifiedDLSource1V3 0.746999979019
12 unifiedDLSource1V4 1.05100011826
12 unifiedDLSource1V5 1.60799980164
12 unifiedDLSource1V6 1.75900006294
12 unifiedDLSource1V7 1.96700000763
12 unifiedDLSource1V8 2.50600004196
12 unifiedDLSource1V9 2.78200006485
12 unifiedDLSource1V10 3.28099989891
12 unifiedDLSource1V11 3.5070002079
12 unifiedDLSource1V12 3.50599980354
12 unifiedDLSource1V13 3.8710000515
12 unifiedDLSource1V14 4.25200009346
12 unifiedDLSource1V15 4.87999987602
12 unifiedDLSource1V16 4.85300016403
12 unifiedDLSource1V17 5.00699996948
12 unifiedDLSource1V18 5.72599983215
12 unifiedDLSource1V1 0.52799987793
12 unifiedDLSource1V2 0.522000074387
12 unifiedDLSource1V3 0.745000123978
12 unifiedDLSource1V4 1.16799998283
12 unifiedDLSource1V5 1.44899988174
12 unifiedDLSource1V6 1.65700006485
12 unifiedDLSource1V7 2.16999983788
12 unifiedDLSource1V8 2.39800000191
12 unifiedDLSource1V9 2.72300004959
12 unifiedDLSource1V10 3.11800003052
12 unifiedDLSource1V11 3.31200003624
12 unifiedDLSource1V12 3.83999991417
12 unifiedDLSource1V13 4.30000019073
12 unifiedDLSource1V14 4.30099987984
12 unifiedDLSource1V15 4.58599996567
12 unifiedDLSource1V16 5.27699995041
13 unifiedDLSource1V1 0.19000005722
13 unifiedDLSource1V2 0.512000083923
13 unifiedDLSource1V3 0.799999952316
13 unifiedDLSource1V4 1.09100008011
13 unifiedDLSource1V5 1.45599985123
13 unifiedDLSource1V6 1.70000004768
13 unifiedDLSource1V7 2.0720000267
13 unifiedDLSource1V8 2.51999998093
13 unifiedDLSource1V9 2.867000103
13 unifiedDLSource1V10 3.53199982643
13 unifiedDLSource1V11 3.23200011253
13 unifiedDLSource1V12 3.81200003624
13 unifiedDLSource1V13 3.93299984932
13 unifiedDLSource1V14 4.20900011063
13 unifiedDLSource1V15 4.31399989128
13 unifiedDLSource1V16 4.96200013161
14 unifiedDLSource1V1 0.221999883652
14 unifiedDLSource1V2 0.608000040054
14 unifiedDLSource1V3 0.766000032425
14 unifiedDLSource1V4 1.13100004196
14 unifiedDLSource1V5 1.40299987793
14 unifiedDLSource1V6 1.66499996185
14 unifiedDLSource1V7 4.18400001526
14 unifiedDLSource1V8 2.37300014496
14 unifiedDLSource1V9 2.69099998474
14 unifiedDLSource1V10 3.09599995613
14 unifiedDLSource1V11 3.47500014305
14 unifiedDLSource1V12 3.91499996185
14 unifiedDLSource1V13 3.80599999428
14 unifiedDLSource1V14 4.58699989319
14 unifiedDLSource1V15 4.4880001545
14 unifiedDLSource1V16 4.93299984932
15 unifiedDLSource1V1 0.324000120163
15 unifiedDLSource1V2 0.503999948502
15 unifiedDLSource1V3 0.795000076294
15 unifiedDLSource1V4 1.1099998951
15 unifiedDLSource1V5 1.48300004005
15 unifiedDLSource1V6 1.66799998283
15 unifiedDLSource1V7 2.07999992371
15 unifiedDLSource1V8 2.65900015831
15 unifiedDLSource1V9 2.87399983406
15 unifiedDLSource1V10 2.93700003624
15 unifiedDLSource1V11 3.37000012398
15 unifiedDLSource1V12 3.58999991417
15 unifiedDLSource1V13 3.92600011826
15 unifiedDLSource1V14 4.13999986649
15 unifiedDLSource1V15 4.6400001049
15 unifiedDLSource1V16 4.86599993706
16 unifiedDLSource1V1 0.155999898911
16 unifiedDLSource1V2 0.893000125885
16 unifiedDLSource1V3 0.753999948502
16 unifiedDLSource1V4 1.11000013351
16 unifiedDLSource1V5 1.52199983597
16 unifiedDLSource1V6 1.84599995613
16 unifiedDLSource1V7 1.99300003052
16 unifiedDLSource1V8 2.44900012016
16 unifiedDLSource1V9 2.70599985123
16 unifiedDLSource1V10 2.92100000381
16 unifiedDLSource1V11 3.44900012016
17 unifiedDLSource1V1 0.646000146866
18 unifiedDLSource1V1 0.155999898911
19 unifiedDLSource1V1 0.199000120163
20 unifiedDLSource1V1 0.233000040054
21 unifiedDLSource1V1 0.182999849319
22 unifiedDLSource1V1 0.202000141144
23 unifiedDLSource1V1 0.155999898911
24 unifiedDLSource1V1 0.193000078201
25 unifiedDLSource1V1 0.223000049591
26 unifiedDLSource1V1 0.15499997139
27 unifiedDLSource1V1 0.211999893188
28 unifiedDLSource1V1 0.167000055313
29 unifiedDLSource1V1 0.265000104904
30 unifiedDLSource1V1 0.164000034332
31 unifiedDLSource1V1 0.157999992371
32 unifiedDLSource1V1 0.189999818802
33 unifiedDLSource1V1 0.178999900818
34 unifiedDLSource1V1 0.170000076294
35 unifiedDLSource1V1 0.238999843597
36 unifiedDLSource1V1 0.182000160217
37 unifiedDLSource1V1 0.201999902725
38 unifiedDLSource1V1 0.220999956131
39 unifiedDLSource1V1 0.213999986649
40 unifiedDLSource1V1 0.18700003624
41 unifiedDLSource1V1 0.15499997139
42 unifiedDLSource1V1 0.1890001297
43 unifiedDLSource1V1 0.159999847412
44 unifiedDLSource1V1 2.44900012016
45 unifiedDLSource1V1 0.180999994278
46 unifiedDLSource1V1 0.211999893188
47 unifiedDLSource1V1 0.200000047684
48 unifiedDLSource1V1 0.161000013351
49 unifiedDLSource1V1 0.157999992371
50 unifiedDLSource1V1 0.154000043869
51 unifiedDLSource1V1 0.25
52 unifiedDLSource1V1 0.151999950409
53 unifiedDLSource1V1 0.154000043869
54 unifiedDLSource1V1 0.18700003624
55 unifiedDLSource1V1 0.211999893188
56 unifiedDLSource1V1 0.167000055313
57 unifiedDLSource1V1 0.18499994278
58 unifiedDLSource1V1 0.153000116348
59 unifiedDLSource1V1 0.204999923706
60 unifiedDLSource1V1 0.177999973297
61 unifiedDLSource1V1 0.15700006485
62 unifiedDLSource1V1 0.177000045776
63 unifiedDLSource1V1 0.269000053406
64 unifiedDLSource1V1 0.176999807358
65 unifiedDLSource1V1 0.210000038147
66 unifiedDLSource1V1 0.163000106812
67 unifiedDLSource1V1 0.15499997139
68 unifiedDLSource1V1 0.162999868393
69 unifiedDLSource1V1 0.165000200272
70 unifiedDLSource1V1 0.232999801636
71 unifiedDLSource1V1 0.19000005722
72 unifiedDLSource1V1 0.173000097275
73 unifiedDLSource1V1 0.203000068665
74 unifiedDLSource1V1 0.165999889374
75 unifiedDLSource1V1 0.167000055313
76 unifiedDLSource1V1 0.157999992371
77 unifiedDLSource1V1 0.31200003624
78 unifiedDLSource1V1 0.217000007629
79 unifiedDLSource1V1 0.171999931335
80 unifiedDLSource1V1 0.167000055313
81 unifiedDLSource1V1 0.194999933243
82 unifiedDLSource1V1 0.175999879837
83 unifiedDLSource1V1 0.197000026703
84 unifiedDLSource1V1 0.223000049591
85 unifiedDLSource1V1 0.186000108719
86 unifiedDLSource1V1 0.179999828339
87 unifiedDLSource1V1 0.211000204086
88 unifiedDLSource1V1 0.155999898911
89 unifiedDLSource1V1 0.167999982834
90 unifiedDLSource1V1 0.154000043869
91 unifiedDLSource1V1 0.180000066757
17 unifiedDLSource1V1 0.549000024796
18 unifiedDLSource1V1 0.210000038147
19 unifiedDLSource1V1 0.207999944687
20 unifiedDLSource1V1 0.667999982834
21 unifiedDLSource1V1 0.179999828339
22 unifiedDLSource1V1 0.214999914169
23 unifiedDLSource1V1 0.198999881744
24 unifiedDLSource1V1 0.196000099182
25 unifiedDLSource1V1 0.230000019073
26 unifiedDLSource1V1 0.234999895096
27 unifiedDLSource1V1 0.196000099182
28 unifiedDLSource1V1 0.258999824524
29 unifiedDLSource1V1 0.219000101089
30 unifiedDLSource1V1 0.223000049591
31 unifiedDLSource1V1 2.52200007439
32 unifiedDLSource1V1 0.196999788284
33 unifiedDLSource1V1 0.1890001297
34 unifiedDLSource1V1 0.227999925613
35 unifiedDLSource1V1 0.212000131607
36 unifiedDLSource1V1 2.53200006485
37 unifiedDLSource1V1 0.24599981308
38 unifiedDLSource1V1 0.233999967575
39 unifiedDLSource1V1 0.221999883652
40 unifiedDLSource1V1 0.179999828339
41 unifiedDLSource1V1 0.200000047684
42 unifiedDLSource1V1 0.18499994278
43 unifiedDLSource1V1 0.207000017166
44 unifiedDLSource1V1 0.231000185013
45 unifiedDLSource1V1 0.243999958038
46 unifiedDLSource1V1 0.201999902725
47 unifiedDLSource1V1 2.43000006676
48 unifiedDLSource1V1 0.213000059128
49 unifiedDLSource1V1 0.244999885559
50 unifiedDLSource1V1 0.236999988556
51 unifiedDLSource1V1 0.321000099182
52 unifiedDLSource1V1 2.52999997139
53 unifiedDLSource1V1 0.297999858856
54 unifiedDLSource1V1 0.183000087738
55 unifiedDLSource1V1 0.269999980927
56 unifiedDLSource1V1 0.253000020981
57 unifiedDLSource1V1 0.302000045776
58 unifiedDLSource1V1 0.220999956131
59 unifiedDLSource1V1 0.24799990654
60 unifiedDLSource1V1 0.216000080109
61 unifiedDLSource1V1 0.171000003815
62 unifiedDLSource1V1 0.197999954224
63 unifiedDLSource1V1 2.62600016594
64 unifiedDLSource1V1 0.230999946594
65 unifiedDLSource1V1 0.164999961853
66 unifiedDLSource1V1 0.230000019073
67 unifiedDLSource1V1 0.235000133514
68 unifiedDLSource1V1 0.18399977684
69 unifiedDLSource1V1 0.18700003624
70 unifiedDLSource1V1 0.161999940872
71 unifiedDLSource1V1 0.194000005722
72 unifiedDLSource1V1 0.18700003624
73 unifiedDLSource1V1 0.177999973297
74 unifiedDLSource1V1 0.170000076294
75 unifiedDLSource1V1 0.174000024796
76 unifiedDLSource1V1 0.205999851227
77 unifiedDLSource1V1 0.342000007629
78 unifiedDLSource1V1 0.213999986649
79 unifiedDLSource1V1 0.201999902725
80 unifiedDLSource1V1 0.184000015259
81 unifiedDLSource1V1 0.242000102997
82 unifiedDLSource1V1 0.213999986649
83 unifiedDLSource1V1 0.207000017166
84 unifiedDLSource1V1 0.207999944687
85 unifiedDLSource1V1 0.180000066757
86 unifiedDLSource1V1 0.225999832153
87 unifiedDLSource1V1 2.47099995613
88 unifiedDLSource1V1 0.1859998703
89 unifiedDLSource1V1 0.186999797821
90 unifiedDLSource1V1 0.201999902725
91 unifiedDLSource1V1 0.221999883652
